Started GET "/" for ::1 at 2021-03-03 11:09:14 +0200
  [1m[35m (4.0ms)[0m  [1m[34mSELECT "schema_migrations"."version" FROM "schema_migrations" ORDER BY "schema_migrations"."version" ASC[0m
Processing by Rails::WelcomeController#index as HTML
  Rendering /Users/chadiabifadel/.rvm/gems/ruby-2.7.1/gems/railties-6.1.3/lib/rails/templates/rails/welcome/index.html.erb
  Rendered /Users/chadiabifadel/.rvm/gems/ruby-2.7.1/gems/railties-6.1.3/lib/rails/templates/rails/welcome/index.html.erb (Duration: 11.3ms | Allocations: 448)
Completed 200 OK in 34ms (Views: 19.2ms | ActiveRecord: 0.0ms | Allocations: 3676)


Started GET "/users" for ::1 at 2021-03-03 11:09:28 +0200
Processing by UsersController#index as HTML
  Rendering layout layouts/application.html.erb
  Rendering users/index.html.erb within layouts/application
  [1m[36mUser Load (2.7ms)[0m  [1m[34mSELECT "users".* FROM "users"[0m
  ↳ app/views/users/index.html.erb:16
  Rendered users/index.html.erb within layouts/application (Duration: 6.7ms | Allocations: 1263)
[Webpacker] Compiling...
[Webpacker] Compilation failed:
yarn run v1.22.10
info Visit https://yarnpkg.com/en/docs/cli/run for documentation about this command.


error Command "webpack" not found.

  Rendered layout layouts/application.html.erb (Duration: 2508.0ms | Allocations: 25403)
Completed 500 Internal Server Error in 2515ms (ActiveRecord: 2.7ms | Allocations: 27073)


  
ActionView::Template::Error (Webpacker can't find application.js in /Users/chadiabifadel/Files/Courses/gtlogic training/Internship Repo/my_awesome_app/public/packs/manifest.json. Possible causes:
1. You want to set webpacker.yml value of compile to true for your environment
   unless you are using the `webpack -w` or the webpack-dev-server.
2. webpack has not yet re-run to reflect updates.
3. You have misconfigured Webpacker's config/webpacker.yml file.
4. Your webpack configuration is not creating a manifest.
Your manifest contains:
{
}
):
     7:     <%= csp_meta_tag %>
     8: 
     9:     <%= stylesheet_link_tag 'application', media: 'all', 'data-turbolinks-track': 'reload' %>
    10:     <%= javascript_pack_tag 'application', 'data-turbolinks-track': 'reload' %>
    11:   </head>
    12: 
    13:   <body>
  
app/views/layouts/application.html.erb:10
Started GET "/users" for ::1 at 2021-03-03 11:12:06 +0200
Processing by UsersController#index as HTML
  Rendering layout layouts/application.html.erb
  Rendering users/index.html.erb within layouts/application
  [1m[36mUser Load (1.2ms)[0m  [1m[34mSELECT "users".* FROM "users"[0m
  ↳ app/views/users/index.html.erb:16
  Rendered users/index.html.erb within layouts/application (Duration: 4.8ms | Allocations: 993)
[Webpacker] Compiling...
Started GET "/users" for ::1 at 2021-03-03 11:12:06 +0200
Processing by UsersController#index as HTML
  Rendering layout layouts/application.html.erb
  Rendering users/index.html.erb within layouts/application
  [1m[36mUser Load (1.6ms)[0m  [1m[34mSELECT "users".* FROM "users"[0m
  ↳ app/views/users/index.html.erb:16
  Rendered users/index.html.erb within layouts/application (Duration: 24.6ms | Allocations: 4206)
[Webpacker] Compiling...
Started GET "/users" for ::1 at 2021-03-03 11:12:07 +0200
Processing by UsersController#index as HTML
  Rendering layout layouts/application.html.erb
  Rendering users/index.html.erb within layouts/application
  [1m[36mUser Load (1.5ms)[0m  [1m[34mSELECT "users".* FROM "users"[0m
  ↳ app/views/users/index.html.erb:16
  Rendered users/index.html.erb within layouts/application (Duration: 28.2ms | Allocations: 4145)
[Webpacker] Compiling...
[Webpacker] Compiled all packs in /Users/chadiabifadel/Files/Courses/gtlogic training/Internship Repo/my_awesome_app/public/packs
[Webpacker] Hash: e332c6419728fac579d5
Version: webpack 4.46.0
Time: 1987ms
Built at: 03/03/2021 11:12:09 AM
                                     Asset       Size       Chunks                         Chunk Names
    js/application-f826770d917d8a37c1d8.js    125 KiB  application  [emitted] [immutable]  application
js/application-f826770d917d8a37c1d8.js.map    139 KiB  application  [emitted] [dev]        application
                             manifest.json  364 bytes               [emitted]              
Entrypoint application = js/application-f826770d917d8a37c1d8.js js/application-f826770d917d8a37c1d8.js.map
[./app/javascript/channels sync recursive _channel\.js$] ./app/javascript/channels sync _channel\.js$ 160 bytes {application} [built]
[./app/javascript/channels/index.js] 211 bytes {application} [built]
[./app/javascript/packs/application.js] 492 bytes {application} [built]
[./node_modules/webpack/buildin/module.js] (webpack)/buildin/module.js 552 bytes {application} [built]
    + 3 hidden modules

  Rendered layout layouts/application.html.erb (Duration: 4632.0ms | Allocations: 26360)
Completed 200 OK in 4634ms (Views: 4631.7ms | ActiveRecord: 1.2ms | Allocations: 26809)


[Webpacker] Compiled all packs in /Users/chadiabifadel/Files/Courses/gtlogic training/Internship Repo/my_awesome_app/public/packs
[Webpacker] Hash: e332c6419728fac579d5
Version: webpack 4.46.0
Time: 1576ms
Built at: 03/03/2021 11:12:10 AM
                                     Asset       Size       Chunks                         Chunk Names
    js/application-f826770d917d8a37c1d8.js    125 KiB  application  [emitted] [immutable]  application
js/application-f826770d917d8a37c1d8.js.map    139 KiB  application  [emitted] [dev]        application
                             manifest.json  364 bytes               [emitted]              
Entrypoint application = js/application-f826770d917d8a37c1d8.js js/application-f826770d917d8a37c1d8.js.map
[./app/javascript/channels sync recursive _channel\.js$] ./app/javascript/channels sync _channel\.js$ 160 bytes {application} [built]
[./app/javascript/channels/index.js] 211 bytes {application} [built]
[./app/javascript/packs/application.js] 492 bytes {application} [built]
[./node_modules/webpack/buildin/module.js] (webpack)/buildin/module.js 552 bytes {application} [built]
    + 3 hidden modules

  Rendered layout layouts/application.html.erb (Duration: 3979.0ms | Allocations: 11511)
Completed 200 OK in 3980ms (Views: 3963.1ms | ActiveRecord: 16.5ms | Allocations: 11860)


[Webpacker] Compiled all packs in /Users/chadiabifadel/Files/Courses/gtlogic training/Internship Repo/my_awesome_app/public/packs
[Webpacker] Hash: e332c6419728fac579d5
Version: webpack 4.46.0
Time: 2039ms
Built at: 03/03/2021 11:12:10 AM
                                     Asset       Size       Chunks                         Chunk Names
    js/application-f826770d917d8a37c1d8.js    125 KiB  application  [emitted] [immutable]  application
js/application-f826770d917d8a37c1d8.js.map    139 KiB  application  [emitted] [dev]        application
                             manifest.json  364 bytes               [emitted]              
Entrypoint application = js/application-f826770d917d8a37c1d8.js js/application-f826770d917d8a37c1d8.js.map
[./app/javascript/channels sync recursive _channel\.js$] ./app/javascript/channels sync _channel\.js$ 160 bytes {application} [built]
[./app/javascript/channels/index.js] 211 bytes {application} [built]
[./app/javascript/packs/application.js] 492 bytes {application} [built]
[./node_modules/webpack/buildin/module.js] (webpack)/buildin/module.js 552 bytes {application} [built]
    + 3 hidden modules

  Rendered layout layouts/application.html.erb (Duration: 4449.6ms | Allocations: 25416)
Completed 200 OK in 4451ms (Views: 4433.6ms | ActiveRecord: 16.5ms | Allocations: 25755)


Started GET "/users/new" for ::1 at 2021-03-03 11:15:06 +0200
Processing by UsersController#new as HTML
  Rendering layout layouts/application.html.erb
  Rendering users/new.html.erb within layouts/application
  Rendered users/_form.html.erb (Duration: 26.0ms | Allocations: 6898)
  Rendered users/new.html.erb within layouts/application (Duration: 27.3ms | Allocations: 7243)
[Webpacker] Everything's up-to-date. Nothing to do
  Rendered layout layouts/application.html.erb (Duration: 32.8ms | Allocations: 11071)
Completed 200 OK in 61ms (Views: 33.3ms | ActiveRecord: 18.6ms | Allocations: 16244)


Started POST "/users" for ::1 at 2021-03-03 11:16:06 +0200
Processing by UsersController#create as HTML
  Parameters: {"authenticity_token"=>"[FILTERED]", "user"=>{"first_name"=>"Hassouna", "last_name"=>"Sebaali", "email"=>"xXkingoftheeingXx"}, "commit"=>"Create User"}
  [1m[36mTRANSACTION (0.9ms)[0m  [1m[35mBEGIN[0m
  ↳ app/controllers/users_controller.rb:27:in `block in create'
  [1m[36mUser Exists? (1.7ms)[0m  [1m[34mSELECT 1 AS one FROM "users" WHERE "users"."email" = $1 LIMIT $2[0m  [["email", "xXkingoftheeingXx"], ["LIMIT", 1]]
  ↳ app/controllers/users_controller.rb:27:in `block in create'
  [1m[36mTRANSACTION (1.8ms)[0m  [1m[31mROLLBACK[0m
  ↳ app/controllers/users_controller.rb:27:in `block in create'
  Rendering layout layouts/application.html.erb
  Rendering users/new.html.erb within layouts/application
  Rendered users/_form.html.erb (Duration: 3.7ms | Allocations: 1882)
  Rendered users/new.html.erb within layouts/application (Duration: 4.1ms | Allocations: 1991)
[Webpacker] Everything's up-to-date. Nothing to do
  Rendered layout layouts/application.html.erb (Duration: 9.9ms | Allocations: 5852)
Completed 422 Unprocessable Entity in 30ms (Views: 10.3ms | ActiveRecord: 4.4ms | Allocations: 12267)


Started POST "/users" for ::1 at 2021-03-03 11:16:25 +0200
Processing by UsersController#create as HTML
  Parameters: {"authenticity_token"=>"[FILTERED]", "user"=>{"first_name"=>"Hassouna", "last_name"=>"Sebaali", "email"=>"xXkingoftheeingXx@hgf"}, "commit"=>"Create User"}
  [1m[36mTRANSACTION (0.9ms)[0m  [1m[35mBEGIN[0m
  ↳ app/controllers/users_controller.rb:27:in `block in create'
  [1m[36mUser Exists? (0.9ms)[0m  [1m[34mSELECT 1 AS one FROM "users" WHERE "users"."email" = $1 LIMIT $2[0m  [["email", "xXkingoftheeingXx@hgf"], ["LIMIT", 1]]
  ↳ app/controllers/users_controller.rb:27:in `block in create'
  [1m[36mUser Create (7.8ms)[0m  [1m[32mINSERT INTO "users" ("first_name", "last_name", "email", "created_at", "updated_at") VALUES ($1, $2, $3, $4, $5) RETURNING "id"[0m  [["first_name", "Hassouna"], ["last_name", "Sebaali"], ["email", "xXkingoftheeingXx@hgf"], ["created_at", "2021-03-03 09:16:25.744864"], ["updated_at", "2021-03-03 09:16:25.744864"]]
  ↳ app/controllers/users_controller.rb:27:in `block in create'
  [1m[36mTRANSACTION (1.6ms)[0m  [1m[35mCOMMIT[0m
  ↳ app/controllers/users_controller.rb:27:in `block in create'
Redirected to http://localhost:3000/users/1
Completed 302 Found in 21ms (ActiveRecord: 11.2ms | Allocations: 3693)


Started GET "/users/1" for ::1 at 2021-03-03 11:16:25 +0200
Processing by UsersController#show as HTML
  Parameters: {"id"=>"1"}
  [1m[36mUser Load (0.9ms)[0m  [1m[34mSELECT "users".* FROM "users" WHERE "users"."id" = $1 LIMIT $2[0m  [["id", 1], ["LIMIT", 1]]
  ↳ app/controllers/users_controller.rb:62:in `set_user'
  Rendering layout layouts/application.html.erb
  Rendering users/show.html.erb within layouts/application
  Rendered users/show.html.erb within layouts/application (Duration: 1.7ms | Allocations: 298)
[Webpacker] Everything's up-to-date. Nothing to do
  Rendered layout layouts/application.html.erb (Duration: 6.9ms | Allocations: 4217)
Completed 200 OK in 12ms (Views: 7.3ms | ActiveRecord: 1.6ms | Allocations: 5715)


Started GET "/users" for ::1 at 2021-03-03 11:16:30 +0200
Processing by UsersController#index as HTML
  Rendering layout layouts/application.html.erb
  Rendering users/index.html.erb within layouts/application
  [1m[36mUser Load (1.4ms)[0m  [1m[34mSELECT "users".* FROM "users"[0m
  ↳ app/views/users/index.html.erb:16
  Rendered users/index.html.erb within layouts/application (Duration: 6.1ms | Allocations: 1552)
[Webpacker] Everything's up-to-date. Nothing to do
  Rendered layout layouts/application.html.erb (Duration: 11.9ms | Allocations: 5583)
Completed 200 OK in 13ms (Views: 11.1ms | ActiveRecord: 1.4ms | Allocations: 5978)


Started GET "/users/new" for ::1 at 2021-03-03 11:20:47 +0200
Processing by UsersController#new as HTML
  Rendering layout layouts/application.html.erb
  Rendering users/new.html.erb within layouts/application
  Rendered users/_form.html.erb (Duration: 2.7ms | Allocations: 876)
  Rendered users/new.html.erb within layouts/application (Duration: 3.7ms | Allocations: 993)
[Webpacker] Everything's up-to-date. Nothing to do
  Rendered layout layouts/application.html.erb (Duration: 11.5ms | Allocations: 5045)
Completed 200 OK in 13ms (Views: 12.4ms | ActiveRecord: 0.0ms | Allocations: 5452)


Started POST "/users" for ::1 at 2021-03-03 11:20:52 +0200
Processing by UsersController#create as HTML
  Parameters: {"authenticity_token"=>"[FILTERED]", "user"=>{"first_name"=>"hgfr", "last_name"=>"", "email"=>""}, "commit"=>"Create User"}
  [1m[36mTRANSACTION (1.3ms)[0m  [1m[35mBEGIN[0m
  ↳ app/controllers/users_controller.rb:27:in `block in create'
  [1m[36mUser Exists? (2.5ms)[0m  [1m[34mSELECT 1 AS one FROM "users" WHERE "users"."email" = $1 LIMIT $2[0m  [["email", ""], ["LIMIT", 1]]
  ↳ app/controllers/users_controller.rb:27:in `block in create'
  [1m[36mTRANSACTION (1.0ms)[0m  [1m[31mROLLBACK[0m
  ↳ app/controllers/users_controller.rb:27:in `block in create'
  Rendering layout layouts/application.html.erb
  Rendering users/new.html.erb within layouts/application
  Rendered users/_form.html.erb (Duration: 5.8ms | Allocations: 3797)
  Rendered users/new.html.erb within layouts/application (Duration: 6.2ms | Allocations: 3906)
[Webpacker] Everything's up-to-date. Nothing to do
  Rendered layout layouts/application.html.erb (Duration: 12.0ms | Allocations: 7762)
Completed 422 Unprocessable Entity in 24ms (Views: 12.7ms | ActiveRecord: 4.7ms | Allocations: 11164)


Started GET "/users" for ::1 at 2021-03-03 11:20:57 +0200
Processing by UsersController#index as HTML
  Rendering layout layouts/application.html.erb
  Rendering users/index.html.erb within layouts/application
  [1m[36mUser Load (1.7ms)[0m  [1m[34mSELECT "users".* FROM "users"[0m
  ↳ app/views/users/index.html.erb:16
  Rendered users/index.html.erb within layouts/application (Duration: 5.5ms | Allocations: 998)
[Webpacker] Everything's up-to-date. Nothing to do
  Rendered layout layouts/application.html.erb (Duration: 14.1ms | Allocations: 4921)
Completed 200 OK in 16ms (Views: 13.2ms | ActiveRecord: 1.7ms | Allocations: 5315)


Started GET "/users/login" for ::1 at 2021-03-03 11:33:24 +0200
  [1m[35m (1.5ms)[0m  [1m[34mSELECT "schema_migrations"."version" FROM "schema_migrations" ORDER BY "schema_migrations"."version" ASC[0m
Processing by UsersController#show as HTML
  Parameters: {"id"=>"login"}
  [1m[36mUser Load (1.4ms)[0m  [1m[34mSELECT "users".* FROM "users" WHERE "users"."id" = $1 LIMIT $2[0m  [["id", nil], ["LIMIT", 1]]
  ↳ app/controllers/users_controller.rb:62:in `set_user'
Completed 404 Not Found in 30ms (ActiveRecord: 9.9ms | Allocations: 4038)


  
ActiveRecord::RecordNotFound (Couldn't find User with 'id'=login):
  
app/controllers/users_controller.rb:62:in `set_user'
Started GET "/users/login" for ::1 at 2021-03-03 11:38:04 +0200
Processing by UsersController#show as HTML
  Parameters: {"id"=>"login"}
  [1m[36mUser Load (0.9ms)[0m  [1m[34mSELECT "users".* FROM "users" WHERE "users"."id" = $1 LIMIT $2[0m  [["id", nil], ["LIMIT", 1]]
  ↳ app/controllers/users_controller.rb:62:in `set_user'
Completed 404 Not Found in 11ms (ActiveRecord: 6.3ms | Allocations: 2941)


  
ActiveRecord::RecordNotFound (Couldn't find User with 'id'=login):
  
app/controllers/users_controller.rb:62:in `set_user'
Started GET "/users/login" for ::1 at 2021-03-03 11:38:06 +0200
Processing by UsersController#show as HTML
  Parameters: {"id"=>"login"}
  [1m[36mUser Load (0.9ms)[0m  [1m[34mSELECT "users".* FROM "users" WHERE "users"."id" = $1 LIMIT $2[0m  [["id", nil], ["LIMIT", 1]]
  ↳ app/controllers/users_controller.rb:62:in `set_user'
Completed 404 Not Found in 3ms (ActiveRecord: 0.9ms | Allocations: 1256)


  
ActiveRecord::RecordNotFound (Couldn't find User with 'id'=login):
  
app/controllers/users_controller.rb:62:in `set_user'
Started GET "/users/login" for ::1 at 2021-03-03 11:38:06 +0200
Processing by UsersController#show as HTML
  Parameters: {"id"=>"login"}
  [1m[36mUser Load (0.6ms)[0m  [1m[34mSELECT "users".* FROM "users" WHERE "users"."id" = $1 LIMIT $2[0m  [["id", nil], ["LIMIT", 1]]
  ↳ app/controllers/users_controller.rb:62:in `set_user'
Completed 404 Not Found in 2ms (ActiveRecord: 0.6ms | Allocations: 1239)


  
ActiveRecord::RecordNotFound (Couldn't find User with 'id'=login):
  
app/controllers/users_controller.rb:62:in `set_user'
Started GET "/users/login" for ::1 at 2021-03-03 11:38:29 +0200
  [1m[35m (1.3ms)[0m  [1m[34mSELECT "schema_migrations"."version" FROM "schema_migrations" ORDER BY "schema_migrations"."version" ASC[0m
Processing by UsersController#show as HTML
  Parameters: {"id"=>"login"}
  [1m[36mUser Load (2.5ms)[0m  [1m[34mSELECT "users".* FROM "users" WHERE "users"."id" = $1 LIMIT $2[0m  [["id", nil], ["LIMIT", 1]]
  ↳ app/controllers/users_controller.rb:62:in `set_user'
Completed 404 Not Found in 29ms (ActiveRecord: 12.2ms | Allocations: 4038)


  
ActiveRecord::RecordNotFound (Couldn't find User with 'id'=login):
  
app/controllers/users_controller.rb:62:in `set_user'
Started GET "/users/login" for ::1 at 2021-03-03 11:38:29 +0200
Processing by UsersController#show as HTML
  Parameters: {"id"=>"login"}
  [1m[36mUser Load (0.9ms)[0m  [1m[34mSELECT "users".* FROM "users" WHERE "users"."id" = $1 LIMIT $2[0m  [["id", nil], ["LIMIT", 1]]
  ↳ app/controllers/users_controller.rb:62:in `set_user'
Completed 404 Not Found in 3ms (ActiveRecord: 0.9ms | Allocations: 1323)


  
ActiveRecord::RecordNotFound (Couldn't find User with 'id'=login):
  
app/controllers/users_controller.rb:62:in `set_user'
Started GET "/users/login" for ::1 at 2021-03-03 11:38:29 +0200
Processing by UsersController#show as HTML
  Parameters: {"id"=>"login"}
  [1m[36mUser Load (0.9ms)[0m  [1m[34mSELECT "users".* FROM "users" WHERE "users"."id" = $1 LIMIT $2[0m  [["id", nil], ["LIMIT", 1]]
  ↳ app/controllers/users_controller.rb:62:in `set_user'
Completed 404 Not Found in 4ms (ActiveRecord: 0.9ms | Allocations: 1258)


  
ActiveRecord::RecordNotFound (Couldn't find User with 'id'=login):
  
app/controllers/users_controller.rb:62:in `set_user'
Started GET "/users/login" for ::1 at 2021-03-03 11:39:27 +0200
Processing by UsersController#show as HTML
  Parameters: {"id"=>"login"}
  [1m[36mUser Load (0.9ms)[0m  [1m[34mSELECT "users".* FROM "users" WHERE "users"."id" = $1 LIMIT $2[0m  [["id", nil], ["LIMIT", 1]]
  ↳ app/controllers/users_controller.rb:62:in `set_user'
Completed 404 Not Found in 3ms (ActiveRecord: 0.9ms | Allocations: 1258)


  
ActiveRecord::RecordNotFound (Couldn't find User with 'id'=login):
  
app/controllers/users_controller.rb:62:in `set_user'
Started GET "/users/login" for ::1 at 2021-03-03 11:39:28 +0200
Processing by UsersController#show as HTML
  Parameters: {"id"=>"login"}
  [1m[36mUser Load (0.9ms)[0m  [1m[34mSELECT "users".* FROM "users" WHERE "users"."id" = $1 LIMIT $2[0m  [["id", nil], ["LIMIT", 1]]
  ↳ app/controllers/users_controller.rb:62:in `set_user'
Completed 404 Not Found in 4ms (ActiveRecord: 0.9ms | Allocations: 1239)


  
ActiveRecord::RecordNotFound (Couldn't find User with 'id'=login):
  
app/controllers/users_controller.rb:62:in `set_user'
Started GET "/users/login" for ::1 at 2021-03-03 11:39:37 +0200
Processing by UsersController#show as HTML
  Parameters: {"id"=>"login"}
  [1m[36mUser Load (0.6ms)[0m  [1m[34mSELECT "users".* FROM "users" WHERE "users"."id" = $1 LIMIT $2[0m  [["id", nil], ["LIMIT", 1]]
  ↳ app/controllers/users_controller.rb:62:in `set_user'
Completed 404 Not Found in 11ms (ActiveRecord: 6.5ms | Allocations: 2852)


  
ActiveRecord::RecordNotFound (Couldn't find User with 'id'=login):
  
app/controllers/users_controller.rb:62:in `set_user'
